2025-08-28 05:06:40.207 [main] INFO  c.e.J.JasperReportsApplication - Starting JasperReportsApplication v0.0.1-SNAPSHOT using Java 17.0.2 with PID 7 (/app/app.jar started by root in /app)
2025-08-28 05:06:40.254 [main] INFO  c.e.J.JasperReportsApplication - The following 1 profile is active: "docker"
2025-08-28 05:06:41.776 [main] INFO  o.s.b.w.e.tomcat.TomcatWebServer - Tomcat initialized with port 8080 (http)
2025-08-28 05:06:41.796 [main] INFO  o.a.catalina.core.StandardService - Starting service [Tomcat]
2025-08-28 05:06:41.797 [main] INFO  o.a.catalina.core.StandardEngine - Starting Servlet engine: [Apache Tomcat/10.1.44]
2025-08-28 05:06:41.837 [main] INFO  o.a.c.c.C.[Tomcat].[localhost].[/] - Initializing Spring embedded WebApplicationContext
2025-08-28 05:06:41.839 [main] INFO  o.s.b.w.s.c.ServletWebServerApplicationContext - Root WebApplicationContext: initialization completed in 1477 ms
2025-08-28 05:06:42.414 [main] INFO  o.s.b.w.e.tomcat.TomcatWebServer - Tomcat started on port 8080 (http) with context path '/'
2025-08-28 05:06:42.459 [main] INFO  c.e.J.JasperReportsApplication - Started JasperReportsApplication in 3.241 seconds (process running for 4.461)
2025-08-28 05:06:42.465 [main] INFO  c.e.J.JasperReportsApplication - APPLICATION_STARTED_SUCCESSFULLY
2025-08-28 05:06:42.466 [main] INFO  c.e.J.JasperReportsApplication - SERVICE_IS_READY_TO_GENERATE_REPORTS
2025-08-28 05:06:42.467 [main] INFO  c.e.J.JasperReportsApplication - GENERATING_REPORTS
2025-08-28 05:06:42.468 [main] INFO  c.e.J.ReportGeneratingService - TEMPLATE=test_report.jrxml DATA=test_data.json OUTPUT=test_report_2025-08-28_05-06-42.pdf
2025-08-28 05:06:42.469 [main] INFO  c.e.J.ReportGeneratingService - TEMPLATE_FILE test_report.jrxml
2025-08-28 05:06:42.472 [main] INFO  c.e.J.ReportGeneratingService - LOADING_TEMPLATE_FILE_FROM /app/templates/test_report.jrxml
2025-08-28 05:06:43.806 [main] INFO  c.e.J.ReportGeneratingService - TEMPLATE_FILE_LOADED_SUCCESSFULLY
2025-08-28 05:06:43.807 [main] INFO  c.e.J.ReportGeneratingService - DATA_FILE test_data.json
2025-08-28 05:06:43.809 [main] INFO  c.e.J.ReportGeneratingService - LOADING_DATA_FILE_FROM /app/data/test_data.json
2025-08-28 05:06:43.852 [main] INFO  c.e.J.ReportGeneratingService - LOADED 4 DATA_RECORDS
2025-08-28 05:06:43.855 [main] INFO  c.e.J.ReportGeneratingService - RECORDS {reportPeriod=August 2025, summary={totalItems=4, totalQuantity=42, averagePrice=30.12, topCategory=Electronics}, totalAmount=1250.0, footer={notes=This is a demo report generated by JasperReports Docker service, contactEmail=demo@example.com, website=https://example.com}, companyName=Demo Company Ltd., generatedDate=2025-08-27, reportTitle=Sales Report, currency=USD, generatedBy=JasperReports Demo Service, items=[{id=1, name=Laptop Computer, category=Electronics, quantity=2, unitPrice=299.99, totalPrice=599.98, date=2025-08-15}, {id=2, name=Office Chair, category=Furniture, quantity=5, unitPrice=89.99, totalPrice=449.95, date=2025-08-20}, {id=3, name=Wireless Mouse, category=Electronics, quantity=10, unitPrice=19.99, totalPrice=199.9, date=2025-08-22}, {id=4, name=Notebook, category=Office Supplies, quantity=25, unitPrice=0.99, totalPrice=24.75, date=2025-08-25}]}
2025-08-28 05:06:43.856 [main] INFO  c.e.J.ReportGeneratingService - DATA_FILE_LOADED_SUCCESSFULLY
2025-08-28 05:06:43.857 [main] INFO  c.e.J.ReportGeneratingService - STARTING GENERATING REPORT
2025-08-28 05:06:44.744 [main] INFO  c.e.J.ReportGeneratingService - OUTPUT_FILE test_report_2025-08-28_05-06-42.pdf SIZE 5kb DURATION 2272ms
2025-08-28 05:06:44.746 [main] INFO  c.e.J.JasperReportsApplication - TEST_REPORTS_GENERATED SUCCESSFULLY 
2025-08-28 05:06:44.747 [main] INFO  c.e.J.JasperReportsApplication - APPLICATION_READY
2025-08-28 05:07:09.093 [http-nio-8080-exec-1] INFO  o.a.c.c.C.[Tomcat].[localhost].[/] - Initializing Spring DispatcherServlet 'dispatcherServlet'
2025-08-28 05:07:09.096 [http-nio-8080-exec-1] INFO  o.s.web.servlet.DispatcherServlet - Initializing Servlet 'dispatcherServlet'
2025-08-28 05:07:09.099 [http-nio-8080-exec-1] INFO  o.s.web.servlet.DispatcherServlet - Completed initialization in 1 ms
2025-08-28 05:07:24.425 [http-nio-8080-exec-4] INFO  c.e.J.ReportGeneratingController - REST API request - generating test report
2025-08-28 05:07:24.426 [http-nio-8080-exec-4] INFO  c.e.J.ReportGeneratingService - TEMPLATE=test_report.jrxml DATA=test_data.json OUTPUT=test_report_2025-08-28_05-07-24.pdf
2025-08-28 05:07:24.428 [http-nio-8080-exec-4] INFO  c.e.J.ReportGeneratingService - TEMPLATE_FILE test_report.jrxml
2025-08-28 05:07:24.431 [http-nio-8080-exec-4] INFO  c.e.J.ReportGeneratingService - LOADING_TEMPLATE_FILE_FROM /app/templates/test_report.jrxml
2025-08-28 05:07:24.688 [http-nio-8080-exec-4] INFO  c.e.J.ReportGeneratingService - TEMPLATE_FILE_LOADED_SUCCESSFULLY
2025-08-28 05:07:24.689 [http-nio-8080-exec-4] INFO  c.e.J.ReportGeneratingService - DATA_FILE test_data.json
2025-08-28 05:07:24.697 [http-nio-8080-exec-4] INFO  c.e.J.ReportGeneratingService - LOADING_DATA_FILE_FROM /app/data/test_data.json
2025-08-28 05:07:24.704 [http-nio-8080-exec-4] INFO  c.e.J.ReportGeneratingService - LOADED 4 DATA_RECORDS
2025-08-28 05:07:24.705 [http-nio-8080-exec-4] INFO  c.e.J.ReportGeneratingService - RECORDS {reportPeriod=August 2025, summary={totalItems=4, totalQuantity=42, averagePrice=30.12, topCategory=Electronics}, totalAmount=1250.0, footer={notes=This is a demo report generated by JasperReports Docker service, contactEmail=demo@example.com, website=https://example.com}, companyName=Demo Company Ltd., generatedDate=2025-08-27, reportTitle=Sales Report, currency=USD, generatedBy=JasperReports Demo Service, items=[{id=1, name=Laptop Computer, category=Electronics, quantity=2, unitPrice=299.99, totalPrice=599.98, date=2025-08-15}, {id=2, name=Office Chair, category=Furniture, quantity=5, unitPrice=89.99, totalPrice=449.95, date=2025-08-20}, {id=3, name=Wireless Mouse, category=Electronics, quantity=10, unitPrice=19.99, totalPrice=199.9, date=2025-08-22}, {id=4, name=Notebook, category=Office Supplies, quantity=25, unitPrice=0.99, totalPrice=24.75, date=2025-08-25}]}
2025-08-28 05:07:24.706 [http-nio-8080-exec-4] INFO  c.e.J.ReportGeneratingService - DATA_FILE_LOADED_SUCCESSFULLY
2025-08-28 05:07:24.707 [http-nio-8080-exec-4] INFO  c.e.J.ReportGeneratingService - STARTING GENERATING REPORT
2025-08-28 05:07:24.794 [http-nio-8080-exec-4] INFO  c.e.J.ReportGeneratingService - OUTPUT_FILE test_report_2025-08-28_05-07-24.pdf SIZE 5kb DURATION 365ms
2025-08-28 05:10:46.164 [http-nio-8080-exec-10] WARN  c.e.J.ReportGeneratingController - Download requested for non-existent file: out/test_report_2025-08-27_09-30-09.pdf
2025-08-28 05:11:08.087 [http-nio-8080-exec-1] WARN  c.e.J.ReportGeneratingController - Download requested for non-existent file: out/test_report_2025-08-27_09-30-09
2025-08-28 05:11:31.192 [http-nio-8080-exec-2] WARN  c.e.J.ReportGeneratingController - Download requested for non-existent file: out/test_report_2025-08-27_09-17-58.pdf
2025-08-28 05:11:39.644 [http-nio-8080-exec-3] WARN  c.e.J.ReportGeneratingController - Download requested for non-existent file: out/test_report_2025-08-27_09-17-58
2025-08-28 05:13:48.508 [main] INFO  c.e.J.JasperReportsApplication - Starting JasperReportsApplication v0.0.1-SNAPSHOT using Java 17.0.2 with PID 7 (/app/app.jar started by root in /app)
2025-08-28 05:13:48.511 [main] INFO  c.e.J.JasperReportsApplication - The following 1 profile is active: "docker"
2025-08-28 05:13:49.437 [main] INFO  o.s.b.w.e.tomcat.TomcatWebServer - Tomcat initialized with port 8080 (http)
2025-08-28 05:13:49.448 [main] INFO  o.a.catalina.core.StandardService - Starting service [Tomcat]
2025-08-28 05:13:49.449 [main] INFO  o.a.catalina.core.StandardEngine - Starting Servlet engine: [Apache Tomcat/10.1.44]
2025-08-28 05:13:49.477 [main] INFO  o.a.c.c.C.[Tomcat].[localhost].[/] - Initializing Spring embedded WebApplicationContext
2025-08-28 05:13:49.478 [main] INFO  o.s.b.w.s.c.ServletWebServerApplicationContext - Root WebApplicationContext: initialization completed in 902 ms
2025-08-28 05:13:49.981 [main] INFO  o.s.b.w.e.tomcat.TomcatWebServer - Tomcat started on port 8080 (http) with context path '/'
2025-08-28 05:13:50.006 [main] INFO  c.e.J.JasperReportsApplication - Started JasperReportsApplication in 2.147 seconds (process running for 2.58)
2025-08-28 05:13:50.013 [main] INFO  c.e.J.JasperReportsApplication - APPLICATION_STARTED_SUCCESSFULLY
2025-08-28 05:13:50.014 [main] INFO  c.e.J.JasperReportsApplication - SERVICE_IS_READY_TO_GENERATE_REPORTS
2025-08-28 05:13:50.015 [main] INFO  c.e.J.JasperReportsApplication - GENERATING_REPORTS
2025-08-28 05:13:50.017 [main] INFO  c.e.J.ReportGeneratingService - TEMPLATE=test_report.jrxml DATA=test_data.json OUTPUT=test_report_2025-08-28_05-13-50.pdf
2025-08-28 05:13:50.018 [main] INFO  c.e.J.ReportGeneratingService - TEMPLATE_FILE test_report.jrxml
2025-08-28 05:13:50.022 [main] INFO  c.e.J.ReportGeneratingService - LOADING_TEMPLATE_FILE_FROM /app/templates/test_report.jrxml
2025-08-28 05:13:50.814 [main] INFO  c.e.J.ReportGeneratingService - TEMPLATE_FILE_LOADED_SUCCESSFULLY
2025-08-28 05:13:50.814 [main] INFO  c.e.J.ReportGeneratingService - DATA_FILE test_data.json
2025-08-28 05:13:50.817 [main] INFO  c.e.J.ReportGeneratingService - LOADING_DATA_FILE_FROM /app/data/test_data.json
2025-08-28 05:13:50.859 [main] INFO  c.e.J.ReportGeneratingService - LOADED 4 DATA_RECORDS
2025-08-28 05:13:50.861 [main] INFO  c.e.J.ReportGeneratingService - RECORDS {reportPeriod=August 2025, summary={totalItems=4, totalQuantity=42, averagePrice=30.12, topCategory=Electronics}, totalAmount=1250.0, footer={notes=This is a demo report generated by JasperReports Docker service, contactEmail=demo@example.com, website=https://example.com}, companyName=Demo Company Ltd., generatedDate=2025-08-27, reportTitle=Sales Report, currency=USD, generatedBy=JasperReports Demo Service, items=[{id=1, name=Laptop Computer, category=Electronics, quantity=2, unitPrice=299.99, totalPrice=599.98, date=2025-08-15}, {id=2, name=Office Chair, category=Furniture, quantity=5, unitPrice=89.99, totalPrice=449.95, date=2025-08-20}, {id=3, name=Wireless Mouse, category=Electronics, quantity=10, unitPrice=19.99, totalPrice=199.9, date=2025-08-22}, {id=4, name=Notebook, category=Office Supplies, quantity=25, unitPrice=0.99, totalPrice=24.75, date=2025-08-25}]}
2025-08-28 05:13:50.863 [main] INFO  c.e.J.ReportGeneratingService - DATA_FILE_LOADED_SUCCESSFULLY
2025-08-28 05:13:50.864 [main] INFO  c.e.J.ReportGeneratingService - STARTING GENERATING REPORT
2025-08-28 05:13:51.228 [main] INFO  c.e.J.ReportGeneratingService - OUTPUT_FILE test_report_2025-08-28_05-13-50.pdf SIZE 5kb DURATION 1208ms
2025-08-28 05:13:51.229 [main] INFO  c.e.J.JasperReportsApplication - TEST_REPORTS_GENERATED SUCCESSFULLY 
2025-08-28 05:13:51.230 [main] INFO  c.e.J.JasperReportsApplication - APPLICATION_READY
2025-08-28 05:13:57.443 [http-nio-8080-exec-1] INFO  o.a.c.c.C.[Tomcat].[localhost].[/] - Initializing Spring DispatcherServlet 'dispatcherServlet'
2025-08-28 05:13:57.444 [http-nio-8080-exec-1] INFO  o.s.web.servlet.DispatcherServlet - Initializing Servlet 'dispatcherServlet'
2025-08-28 05:13:57.446 [http-nio-8080-exec-1] INFO  o.s.web.servlet.DispatcherServlet - Completed initialization in 1 ms
2025-08-28 05:14:11.320 [http-nio-8080-exec-3] INFO  c.e.J.ReportGeneratingController - REST API request - generating test report
2025-08-28 05:14:11.322 [http-nio-8080-exec-3] INFO  c.e.J.ReportGeneratingService - TEMPLATE=test_report.jrxml DATA=test_data.json OUTPUT=test_report_2025-08-28_05-14-11.pdf
2025-08-28 05:14:11.325 [http-nio-8080-exec-3] INFO  c.e.J.ReportGeneratingService - TEMPLATE_FILE test_report.jrxml
2025-08-28 05:14:11.330 [http-nio-8080-exec-3] INFO  c.e.J.ReportGeneratingService - LOADING_TEMPLATE_FILE_FROM /app/templates/test_report.jrxml
2025-08-28 05:14:11.534 [http-nio-8080-exec-3] INFO  c.e.J.ReportGeneratingService - TEMPLATE_FILE_LOADED_SUCCESSFULLY
2025-08-28 05:14:11.535 [http-nio-8080-exec-3] INFO  c.e.J.ReportGeneratingService - DATA_FILE test_data.json
2025-08-28 05:14:11.538 [http-nio-8080-exec-3] INFO  c.e.J.ReportGeneratingService - LOADING_DATA_FILE_FROM /app/data/test_data.json
2025-08-28 05:14:11.547 [http-nio-8080-exec-3] INFO  c.e.J.ReportGeneratingService - LOADED 4 DATA_RECORDS
2025-08-28 05:14:11.548 [http-nio-8080-exec-3] INFO  c.e.J.ReportGeneratingService - RECORDS {reportPeriod=August 2025, summary={totalItems=4, totalQuantity=42, averagePrice=30.12, topCategory=Electronics}, totalAmount=1250.0, footer={notes=This is a demo report generated by JasperReports Docker service, contactEmail=demo@example.com, website=https://example.com}, companyName=Demo Company Ltd., generatedDate=2025-08-27, reportTitle=Sales Report, currency=USD, generatedBy=JasperReports Demo Service, items=[{id=1, name=Laptop Computer, category=Electronics, quantity=2, unitPrice=299.99, totalPrice=599.98, date=2025-08-15}, {id=2, name=Office Chair, category=Furniture, quantity=5, unitPrice=89.99, totalPrice=449.95, date=2025-08-20}, {id=3, name=Wireless Mouse, category=Electronics, quantity=10, unitPrice=19.99, totalPrice=199.9, date=2025-08-22}, {id=4, name=Notebook, category=Office Supplies, quantity=25, unitPrice=0.99, totalPrice=24.75, date=2025-08-25}]}
2025-08-28 05:14:11.549 [http-nio-8080-exec-3] INFO  c.e.J.ReportGeneratingService - DATA_FILE_LOADED_SUCCESSFULLY
2025-08-28 05:14:11.550 [http-nio-8080-exec-3] INFO  c.e.J.ReportGeneratingService - STARTING GENERATING REPORT
2025-08-28 05:14:11.634 [http-nio-8080-exec-3] INFO  c.e.J.ReportGeneratingService - OUTPUT_FILE test_report_2025-08-28_05-14-11.pdf SIZE 5kb DURATION 308ms
2025-08-28 05:18:48.409 [main] INFO  c.e.J.JasperReportsApplication - Starting JasperReportsApplication v0.0.1-SNAPSHOT using Java 17.0.2 with PID 7 (/app/app.jar started by root in /app)
2025-08-28 05:18:48.412 [main] INFO  c.e.J.JasperReportsApplication - The following 1 profile is active: "docker"
2025-08-28 05:18:49.316 [main] INFO  o.s.b.w.e.tomcat.TomcatWebServer - Tomcat initialized with port 8080 (http)
2025-08-28 05:18:49.326 [main] INFO  o.a.catalina.core.StandardService - Starting service [Tomcat]
2025-08-28 05:18:49.327 [main] INFO  o.a.catalina.core.StandardEngine - Starting Servlet engine: [Apache Tomcat/10.1.44]
2025-08-28 05:18:49.350 [main] INFO  o.a.c.c.C.[Tomcat].[localhost].[/] - Initializing Spring embedded WebApplicationContext
2025-08-28 05:18:49.352 [main] INFO  o.s.b.w.s.c.ServletWebServerApplicationContext - Root WebApplicationContext: initialization completed in 891 ms
2025-08-28 05:18:49.782 [main] INFO  o.s.b.w.e.tomcat.TomcatWebServer - Tomcat started on port 8080 (http) with context path '/'
2025-08-28 05:18:49.801 [main] INFO  c.e.J.JasperReportsApplication - Started JasperReportsApplication in 2.045 seconds (process running for 2.45)
2025-08-28 05:18:49.807 [main] INFO  c.e.J.JasperReportsApplication - APPLICATION_STARTED_SUCCESSFULLY
2025-08-28 05:18:49.808 [main] INFO  c.e.J.JasperReportsApplication - SERVICE_IS_READY_TO_GENERATE_REPORTS
2025-08-28 05:18:49.809 [main] INFO  c.e.J.JasperReportsApplication - GENERATING_REPORTS
2025-08-28 05:18:49.811 [main] INFO  c.e.J.ReportGeneratingService - TEMPLATE=test_report.jrxml DATA=test_data.json OUTPUT=test_report_2025-08-28_05-18-49.pdf
2025-08-28 05:18:49.812 [main] INFO  c.e.J.ReportGeneratingService - TEMPLATE_FILE test_report.jrxml
2025-08-28 05:18:49.815 [main] INFO  c.e.J.ReportGeneratingService - LOADING_TEMPLATE_FILE_FROM /app/templates/test_report.jrxml
2025-08-28 05:18:50.559 [main] INFO  c.e.J.ReportGeneratingService - TEMPLATE_FILE_LOADED_SUCCESSFULLY
2025-08-28 05:18:50.559 [main] INFO  c.e.J.ReportGeneratingService - DATA_FILE test_data.json
2025-08-28 05:18:50.562 [main] INFO  c.e.J.ReportGeneratingService - LOADING_DATA_FILE_FROM /app/data/test_data.json
2025-08-28 05:18:50.595 [main] INFO  c.e.J.ReportGeneratingService - LOADED 4 DATA_RECORDS
2025-08-28 05:18:50.597 [main] INFO  c.e.J.ReportGeneratingService - RECORDS {reportPeriod=August 2025, summary={totalItems=4, totalQuantity=42, averagePrice=30.12, topCategory=Electronics}, totalAmount=1250.0, footer={notes=This is a demo report generated by JasperReports Docker service, contactEmail=demo@example.com, website=https://example.com}, companyName=Demo Company Ltd., generatedDate=2025-08-27, reportTitle=Sales Report, currency=USD, generatedBy=JasperReports Demo Service, items=[{id=1, name=Laptop Computer, category=Electronics, quantity=2, unitPrice=299.99, totalPrice=599.98, date=2025-08-15}, {id=2, name=Office Chair, category=Furniture, quantity=5, unitPrice=89.99, totalPrice=449.95, date=2025-08-20}, {id=3, name=Wireless Mouse, category=Electronics, quantity=10, unitPrice=19.99, totalPrice=199.9, date=2025-08-22}, {id=4, name=Notebook, category=Office Supplies, quantity=25, unitPrice=0.99, totalPrice=24.75, date=2025-08-25}]}
2025-08-28 05:18:50.598 [main] INFO  c.e.J.ReportGeneratingService - DATA_FILE_LOADED_SUCCESSFULLY
2025-08-28 05:18:50.599 [main] INFO  c.e.J.ReportGeneratingService - STARTING GENERATING REPORT
2025-08-28 05:18:50.973 [main] INFO  c.e.J.ReportGeneratingService - OUTPUT_FILE test_report_2025-08-28_05-18-49.pdf SIZE 5kb DURATION 1157ms
2025-08-28 05:18:50.974 [main] INFO  c.e.J.JasperReportsApplication - TEST_REPORTS_GENERATED SUCCESSFULLY 
2025-08-28 05:18:50.975 [main] INFO  c.e.J.JasperReportsApplication - APPLICATION_READY
2025-08-28 05:18:53.547 [http-nio-8080-exec-1] INFO  o.a.c.c.C.[Tomcat].[localhost].[/] - Initializing Spring DispatcherServlet 'dispatcherServlet'
2025-08-28 05:18:53.548 [http-nio-8080-exec-1] INFO  o.s.web.servlet.DispatcherServlet - Initializing Servlet 'dispatcherServlet'
2025-08-28 05:18:53.550 [http-nio-8080-exec-1] INFO  o.s.web.servlet.DispatcherServlet - Completed initialization in 1 ms
2025-08-28 05:19:04.212 [http-nio-8080-exec-2] INFO  c.e.J.ReportGeneratingController - REST API request - generating test report
2025-08-28 05:19:04.214 [http-nio-8080-exec-2] INFO  c.e.J.ReportGeneratingService - TEMPLATE=test_report.jrxml DATA=test_data.json OUTPUT=test_report_2025-08-28_05-19-04.pdf
2025-08-28 05:19:04.215 [http-nio-8080-exec-2] INFO  c.e.J.ReportGeneratingService - TEMPLATE_FILE test_report.jrxml
2025-08-28 05:19:04.220 [http-nio-8080-exec-2] INFO  c.e.J.ReportGeneratingService - LOADING_TEMPLATE_FILE_FROM /app/templates/test_report.jrxml
2025-08-28 05:19:04.411 [http-nio-8080-exec-2] INFO  c.e.J.ReportGeneratingService - TEMPLATE_FILE_LOADED_SUCCESSFULLY
2025-08-28 05:19:04.411 [http-nio-8080-exec-2] INFO  c.e.J.ReportGeneratingService - DATA_FILE test_data.json
2025-08-28 05:19:04.414 [http-nio-8080-exec-2] INFO  c.e.J.ReportGeneratingService - LOADING_DATA_FILE_FROM /app/data/test_data.json
2025-08-28 05:19:04.420 [http-nio-8080-exec-2] INFO  c.e.J.ReportGeneratingService - LOADED 4 DATA_RECORDS
2025-08-28 05:19:04.421 [http-nio-8080-exec-2] INFO  c.e.J.ReportGeneratingService - RECORDS {reportPeriod=August 2025, summary={totalItems=4, totalQuantity=42, averagePrice=30.12, topCategory=Electronics}, totalAmount=1250.0, footer={notes=This is a demo report generated by JasperReports Docker service, contactEmail=demo@example.com, website=https://example.com}, companyName=Demo Company Ltd., generatedDate=2025-08-27, reportTitle=Sales Report, currency=USD, generatedBy=JasperReports Demo Service, items=[{id=1, name=Laptop Computer, category=Electronics, quantity=2, unitPrice=299.99, totalPrice=599.98, date=2025-08-15}, {id=2, name=Office Chair, category=Furniture, quantity=5, unitPrice=89.99, totalPrice=449.95, date=2025-08-20}, {id=3, name=Wireless Mouse, category=Electronics, quantity=10, unitPrice=19.99, totalPrice=199.9, date=2025-08-22}, {id=4, name=Notebook, category=Office Supplies, quantity=25, unitPrice=0.99, totalPrice=24.75, date=2025-08-25}]}
2025-08-28 05:19:04.423 [http-nio-8080-exec-2] INFO  c.e.J.ReportGeneratingService - DATA_FILE_LOADED_SUCCESSFULLY
2025-08-28 05:19:04.424 [http-nio-8080-exec-2] INFO  c.e.J.ReportGeneratingService - STARTING GENERATING REPORT
2025-08-28 05:19:04.491 [http-nio-8080-exec-2] INFO  c.e.J.ReportGeneratingService - OUTPUT_FILE test_report_2025-08-28_05-19-04.pdf SIZE 5kb DURATION 274ms
2025-08-28 05:19:56.258 [http-nio-8080-exec-6] WARN  o.s.w.s.m.s.DefaultHandlerExceptionResolver - Resolved [org.springframework.web.HttpRequestMethodNotSupportedException: Request method 'GET' is not supported]
2025-08-28 05:27:56.641 [http-nio-8080-exec-10] INFO  c.e.J.ReportGeneratingController - REST API request - template: test_report.jrxml, data: test_data.json, output: my_report.pdf
2025-08-28 05:27:56.642 [http-nio-8080-exec-10] INFO  c.e.J.ReportGeneratingService - TEMPLATE=test_report.jrxml DATA=test_data.json OUTPUT=my_report.pdf
2025-08-28 05:27:56.643 [http-nio-8080-exec-10] INFO  c.e.J.ReportGeneratingService - TEMPLATE_FILE test_report.jrxml
2025-08-28 05:27:56.646 [http-nio-8080-exec-10] INFO  c.e.J.ReportGeneratingService - LOADING_TEMPLATE_FILE_FROM /app/templates/test_report.jrxml
2025-08-28 05:27:56.800 [http-nio-8080-exec-10] INFO  c.e.J.ReportGeneratingService - TEMPLATE_FILE_LOADED_SUCCESSFULLY
2025-08-28 05:27:56.801 [http-nio-8080-exec-10] INFO  c.e.J.ReportGeneratingService - DATA_FILE test_data.json
2025-08-28 05:27:56.804 [http-nio-8080-exec-10] INFO  c.e.J.ReportGeneratingService - LOADING_DATA_FILE_FROM /app/data/test_data.json
2025-08-28 05:27:56.812 [http-nio-8080-exec-10] INFO  c.e.J.ReportGeneratingService - LOADED 4 DATA_RECORDS
2025-08-28 05:27:56.813 [http-nio-8080-exec-10] INFO  c.e.J.ReportGeneratingService - RECORDS {reportPeriod=August 2025, summary={totalItems=4, totalQuantity=42, averagePrice=30.12, topCategory=Electronics}, totalAmount=1250.0, footer={notes=This is a demo report generated by JasperReports Docker service, contactEmail=demo@example.com, website=https://example.com}, companyName=Demo Company Ltd., generatedDate=2025-08-27, reportTitle=Sales Report, currency=USD, generatedBy=JasperReports Demo Service, items=[{id=1, name=Laptop Computer, category=Electronics, quantity=2, unitPrice=299.99, totalPrice=599.98, date=2025-08-15}, {id=2, name=Office Chair, category=Furniture, quantity=5, unitPrice=89.99, totalPrice=449.95, date=2025-08-20}, {id=3, name=Wireless Mouse, category=Electronics, quantity=10, unitPrice=19.99, totalPrice=199.9, date=2025-08-22}, {id=4, name=Notebook, category=Office Supplies, quantity=25, unitPrice=0.99, totalPrice=24.75, date=2025-08-25}]}
2025-08-28 05:27:56.815 [http-nio-8080-exec-10] INFO  c.e.J.ReportGeneratingService - DATA_FILE_LOADED_SUCCESSFULLY
2025-08-28 05:27:56.816 [http-nio-8080-exec-10] INFO  c.e.J.ReportGeneratingService - STARTING GENERATING REPORT
2025-08-28 05:27:56.883 [http-nio-8080-exec-10] INFO  c.e.J.ReportGeneratingService - OUTPUT_FILE my_report.pdf SIZE 5kb DURATION 237ms
